<?xml version="1.0" encoding="UTF-8"?>
<testsuite xmlns:xsi="http://www.w3.org/2001/XMLSchema-instance" xsi:noNamespaceSchemaLocation="https://maven.apache.org/surefire/maven-surefire-plugin/xsd/surefire-test-report-3.0.xsd" version="3.0" name="com.netceler.iv5.charts.api.model.SerializationTest" time="0.64" tests="2" errors="0" skipped="0" failures="0">
  <properties>
[...]
</properties>
  <testcase name="a test" classname="some.groupid.AnArtifactTest" time="0.514"/>
  <testcase name="another test" classname="some.groupid.AnArtifactTest" time="0.008"/>
</testsuite>
